# 抖音模式
Request Body:{ "url": "5.89 G@v.FH 02/24 DHV:/ 编译与解释代码如何共处同一程序中? 本视频探讨解释型语言与编译型语言在混合项目中的工作原理。重点揭示了解释器本质上也是编译程序，并通过嵌入解释器实现多语言项目的无缝集成。视频使用的代码仓库链接：https://github.com/jdvillal/interpreter-window。  https://v.douyin.com/1giSwq_zDSI/ 复制此链接，打开Dou音搜索，直接观看视频！" }

输出结果：
{
  "status": "success",
  "data": {
    "username": "01熵",
    "avatar": "https://p11.douyinpic.com/aweme/100x100/aweme-avatar/tos-cn-i-0813_ooQ2tkQ4kDVFApMfIA8eW6A0AfIFfANnCa8h1D.jpeg?from=327834062",
    "user_home_url": "https://www.douyin.com/user/MS4wLjABAAAAY3J1P0y5w7hzttTyvZiLjhMu3iOzF-1yFi6yNtXVHzkmVGFIx7T8s-nRmGNusfh1",
    "is_cover": false,
    "source": "douyin"
  }
}


# B站模式
Request Body:{ "url": "【深夜2万人观看！乃琳过鸣潮椿伴星从高潮到结尾，听到柳知萧唱歌深吸一大口气：哇这首歌叫什么？求科普！配上这氛围真的神了！】 【精准空降到 05:01】 https://www.bilibili.com/video/BV19rmoBqEdK/?share_source=copy_web&vd_source=fd59995bf2f70580369462145819da94&t=301" }

输出结果：
{
  "status": "success",
  "data": {
    "username": "蘅鲼",
    "avatar": "https://i2.hdslb.com/bfs/face/96f32d7aa560f23040f8d5b8768c0970b8553d02.jpg",
    "user_home_url": "https://space.bilibili.com/1845224",
    "is_cover": false,
    "source": "bilibili",
    "cover_image": "http://i2.hdslb.com/bfs/archive/5bda5427b0cc1afb0192c2361ec9cab2c8b8158f.jpg"
  }
}
